Base path: C:/Program Files/UnityNew3DS_1_1_13/Editor/Data
Pipe name: \\.\pipe\UnityShaderCompiler-64bit-4-1080
Cmd: getPlatforms
Cmd: compileSnippet
  api=16 type=0 insize=886 outsize=6333 kw=DIRECTIONAL SHADOWS_SCREEN LIGHTMAP_OFF DIRLIGHTMAP_OFF DYNAMICLIGHTMAP_OFF VERTEXLIGHT_ON pd= ok=1
Cmd: compileSnippet
  api=16 type=0 insize=886 outsize=6458 kw=DIRECTIONAL SHADOWS_OFF LIGHTMAP_OFF DIRLIGHTMAP_OFF DYNAMICLIGHTMAP_OFF _EMISSION VERTEXLIGHT_ON pd= ok=1
Cmd: compileSnippet
  api=16 type=0 insize=886 outsize=7206 kw=DIRECTIONAL SHADOWS_OFF LIGHTMAP_OFF DIRLIGHTMAP_OFF DYNAMICLIGHTMAP_OFF VERTEXLIGHT_ON _NORMALMAP pd= ok=1
Cmd: compileSnippet
  api=16 type=0 insize=886 outsize=7206 kw=DIRECTIONAL SHADOWS_OFF LIGHTMAP_OFF DIRLIGHTMAP_OFF DYNAMICLIGHTMAP_OFF _EMISSION VERTEXLIGHT_ON _NORMALMAP pd= ok=1
Cmd: compileSnippet
  api=16 type=1 insize=886 outsize=0 kw=DIRECTIONAL SHADOWS_OFF LIGHTMAP_OFF DIRLIGHTMAP_OFF DYNAMICLIGHTMAP_OFF _EMISSION pd= ok=1
Cmd: compileSnippet
  api=16 type=1 insize=886 outsize=0 kw=DIRECTIONAL SHADOWS_SCREEN LIGHTMAP_OFF DIRLIGHTMAP_OFF DYNAMICLIGHTMAP_OFF _NORMALMAP pd= ok=1
Cmd: compileSnippet
  api=16 type=0 insize=816 outsize=4859 kw=SPOT SHADOWS_OFF pd= ok=1
Cmd: compileSnippet
  api=16 type=0 insize=816 outsize=5096 kw=SPOT SHADOWS_DEPTH SHADOWS_NATIVE pd= ok=1
Cmd: compileSnippet
  api=16 type=0 insize=816 outsize=5032 kw=POINT_COOKIE SHADOWS_CUBE pd= ok=1
Cmd: compileSnippet
  api=16 type=0 insize=816 outsize=4854 kw=POINT_COOKIE SHADOWS_OFF _NORMALMAP pd= ok=1
Cmd: compileSnippet
  api=16 type=0 insize=816 outsize=4433 kw=DIRECTIONAL SHADOWS_SCREEN _NORMALMAP pd= ok=1
Cmd: compileSnippet
  api=16 type=1 insize=816 outsize=0 kw=DIRECTIONAL SHADOWS_OFF pd= ok=1
Cmd: compileSnippet
  api=16 type=1 insize=816 outsize=0 kw=SPOT SHADOWS_DEPTH SHADOWS_NONATIVE pd= ok=1
Cmd: compileSnippet
  api=16 type=1 insize=816 outsize=0 kw=POINT SHADOWS_CUBE pd= ok=1
Cmd: compileSnippet
  api=16 type=1 insize=816 outsize=0 kw=SPOT SHADOWS_OFF _NORMALMAP pd= ok=1
Cmd: compileSnippet
  api=16 type=1 insize=816 outsize=0 kw=DIRECTIONAL_COOKIE SHADOWS_SCREEN _NORMALMAP pd= ok=1
Cmd: compileSnippet
  api=16 type=1 insize=816 outsize=0 kw=POINT_COOKIE SHADOWS_CUBE _NORMALMAP pd= ok=1
Cmd: compileSnippet
  api=16 type=0 insize=4628 outsize=8638 kw=SPOT pd= ok=1
Cmd: compileSnippet
  api=16 type=1 insize=4628 outsize=0 kw=POINT pd= ok=1
Cmd: compileSnippet
  api=16 type=0 insize=541 outsize=1869 kw=SHADOWS_CUBE pd= ok=1
Cmd: compileSnippet
  api=16 type=0 insize=6924 outsize=5569 kw=DIRECTIONAL SHADOWS_OFF LIGHTMAP_OFF DIRLIGHTMAP_OFF DYNAMICLIGHTMAP_OFF VERTEXLIGHT_ON pd= ok=1
Cmd: compileSnippet
  api=16 type=1 insize=6924 outsize=0 kw=DIRECTIONAL SHADOWS_SCREEN LIGHTMAP_OFF DIRLIGHTMAP_OFF DYNAMICLIGHTMAP_OFF pd= ok=1
Cmd: compileSnippet
  api=16 type=0 insize=3695 outsize=2575 kw=POINT_COOKIE pd= ok=1
Cmd: compileSnippet
  api=16 type=1 insize=3695 outsize=0 kw=SPOT pd= ok=1
Cmd: compileSnippet
  api=16 type=0 insize=5839 outsize=3867 kw=LIGHTMAP_OFF DIRLIGHTMAP_OFF DYNAMICLIGHTMAP_OFF UNITY_HDR_ON pd= ok=1
Unhandled exception: Readfile from pipe failed. GLE=The pipe has been ended.


Quitting shader compiler process
